[18:25:25][Trace]   Initializing configuration
[18:25:25][Trace]   Parsing cauldron config file.
[18:25:25][Trace]   Parsing config file for SkyDomeRenderModule
[18:25:25][Trace]   Parsing config file for RasterShadowRenderModule
[18:25:25][Trace]   Parsing config file for GBufferRenderModule
[18:25:25][Trace]   Could not find config file for LightingRenderModule, skipping...
[18:25:25][Trace]   Could not find config file for AnimatedTexturesRenderModule, skipping...
[18:25:25][Trace]   Parsing config file for TranslucencyRenderModule
[18:25:25][Trace]   Could not find config file for GPUParticleRenderModule, skipping...
[18:25:25][Trace]   Parsing config file for TAARenderModule
[18:25:25][Trace]   Could not find config file for FSR2RenderModule, skipping...
[18:25:25][Trace]   Could not find config file for FSR3UpscaleRenderModule, skipping...
[18:25:25][Trace]   Could not find config file for FSR3RenderModule, skipping...
[18:25:25][Trace]   Could not find config file for UpscaleRenderModule, skipping...
[18:25:25][Trace]   Could not find config file for ToneMappingRenderModule, skipping...
[18:25:25][Trace]   Could not find config file for FSR1RenderModule, skipping...
[18:25:25][Trace]   Parsing command line parameters.
[18:25:25][Trace]   Initializing framework components.
[18:25:25][Trace]   Initializing graphics device.
[18:25:25][Trace]   Initializing graphics resource view allocator.
[18:25:25][Trace]   Initializing raster view allocator.
[18:25:25][Trace]   Initializing graphics dynamic resource pool.
[18:25:25][Trace]   Initializing graphics shadow map resource pool.
[18:25:25][Trace]   Initializing graphics swap chain.
[18:25:25][Warning] HDR modes not supported, defaulting to LDR
[18:25:25][Trace]   Initializing requested render resources.
[18:25:25][Trace]   Initializing profiler.
[18:25:25][Trace]   Initializing graphics upload heap.
[18:25:25][Trace]   Initializing graphics constant buffer pool.
[18:25:25][Trace]   Initializing shader compiler.
[18:25:26][Trace]   Initializing input manager.
[18:25:26][Trace]   Initializing UI manager.
[18:25:26][Trace]   Initializing scene
[18:25:26][Trace]   Initializing content manager.
[18:25:26][Trace]   Creating RenderModules
[18:25:26][Trace]   Initializing RenderModules
[18:25:26][Error]   Could not find texture file ..\media\IBL\mud_road_puresky_Diffuse.dds
[18:25:26][Fatal]   SkyDomeRenderModule: Required texture could not be loaded. Terminating sample.
[18:25:30][Trace]   Initializing sample.
